2019-01-31 14:13:00 INFO  DownloadRunnable:34 - runnable_1进入解析环节
2019-01-31 14:13:00 INFO  DownloadRunnable:45 - runnable_1没有待采集的任务，线程将等待2s
2019-01-31 14:13:02 INFO  DownloadRunnable:53 - runnable_1本次睡眠结束
2019-01-31 14:13:02 INFO  DownloadRunnable:45 - runnable_1没有待采集的任务，线程将等待2s
2019-01-31 14:13:04 INFO  DownloadRunnable:53 - runnable_1本次睡眠结束
2019-01-31 14:13:04 INFO  DownloadRunnable:45 - runnable_1没有待采集的任务，线程将等待2s
2019-01-31 19:23:48 INFO  DownloadRunnable:45 - download_consumer_5没有待采集的任务，线程将等待2s
2019-01-31 19:23:48 INFO  DownloadRunnable:45 - download_consumer_1没有待采集的任务，线程将等待2s
2019-01-31 19:23:48 INFO  DownloadRunnable:45 - download_consumer_3没有待采集的任务，线程将等待2s
2019-01-31 19:23:48 INFO  DownloadRunnable:45 - download_consumer_4没有待采集的任务，线程将等待2s
2019-01-31 19:23:48 INFO  DownloadRunnable:45 - download_consumer_2没有待采集的任务，线程将等待2s
2019-01-31 19:23:50 INFO  DownloadRunnable:53 - download_consumer_5本次睡眠结束
2019-01-31 19:23:50 INFO  DownloadRunnable:45 - download_consumer_5没有待采集的任务，线程将等待2s
2019-01-31 19:23:50 INFO  DownloadRunnable:53 - download_consumer_2本次睡眠结束
2019-01-31 19:23:50 INFO  DownloadRunnable:45 - download_consumer_2没有待采集的任务，线程将等待2s
2019-01-31 19:23:50 INFO  DownloadRunnable:53 - download_consumer_3本次睡眠结束
2019-01-31 19:23:50 INFO  DownloadRunnable:45 - download_consumer_3没有待采集的任务，线程将等待2s
2019-01-31 19:23:50 INFO  DownloadRunnable:53 - download_consumer_4本次睡眠结束
2019-01-31 19:23:50 INFO  DownloadRunnable:45 - download_consumer_4没有待采集的任务，线程将等待2s
2019-01-31 19:23:50 INFO  DownloadRunnable:53 - download_consumer_1本次睡眠结束
2019-01-31 19:23:50 INFO  DownloadRunnable:45 - download_consumer_1没有待采集的任务，线程将等待2s
2019-01-31 19:23:52 INFO  DownloadRunnable:53 - download_consumer_5本次睡眠结束
2019-01-31 19:23:52 INFO  DownloadRunnable:53 - download_consumer_1本次睡眠结束
2019-01-31 19:23:52 INFO  DownloadRunnable:45 - download_consumer_1没有待采集的任务，线程将等待2s
2019-01-31 19:23:52 INFO  DownloadRunnable:53 - download_consumer_4本次睡眠结束
2019-01-31 19:23:52 INFO  DownloadRunnable:45 - download_consumer_4没有待采集的任务，线程将等待2s
2019-01-31 19:23:52 INFO  DownloadRunnable:53 - download_consumer_3本次睡眠结束
2019-01-31 19:23:52 INFO  DownloadRunnable:53 - download_consumer_2本次睡眠结束
2019-01-31 19:23:52 INFO  DownloadRunnable:45 - download_consumer_3没有待采集的任务，线程将等待2s
2019-01-31 19:23:52 INFO  DownloadRunnable:45 - download_consumer_5没有待采集的任务，线程将等待2s
2019-01-31 19:23:52 INFO  DownloadRunnable:45 - download_consumer_2没有待采集的任务，线程将等待2s
2019-01-31 20:26:29 INFO  DownloadRunnable:45 - download_consumer_1没有待采集的任务，线程将等待2s
2019-01-31 20:26:31 INFO  DownloadRunnable:53 - download_consumer_1本次睡眠结束
2019-01-31 20:26:31 INFO  DownloadRunnable:45 - download_consumer_1没有待采集的任务，线程将等待2s
2019-01-31 20:26:32 INFO  DownloadRunnable:45 - download_consumer_2没有待采集的任务，线程将等待2s
2019-01-31 20:26:33 INFO  DownloadRunnable:53 - download_consumer_1本次睡眠结束
2019-01-31 20:26:33 INFO  DownloadRunnable:45 - download_consumer_1没有待采集的任务，线程将等待2s
2019-01-31 20:26:34 INFO  DownloadRunnable:53 - download_consumer_2本次睡眠结束
2019-01-31 20:26:34 INFO  DownloadRunnable:45 - download_consumer_2没有待采集的任务，线程将等待2s
2019-01-31 20:26:35 INFO  DownloadRunnable:45 - download_consumer_3没有待采集的任务，线程将等待2s
2019-01-31 20:26:35 INFO  DownloadRunnable:53 - download_consumer_1本次睡眠结束
2019-01-31 20:26:35 INFO  DownloadRunnable:45 - download_consumer_1没有待采集的任务，线程将等待2s
2019-01-31 20:26:36 INFO  DownloadRunnable:53 - download_consumer_2本次睡眠结束
2019-01-31 20:26:36 INFO  DownloadRunnable:45 - download_consumer_2没有待采集的任务，线程将等待2s
2019-01-31 20:26:37 INFO  DownloadRunnable:53 - download_consumer_3本次睡眠结束
2019-01-31 20:26:37 INFO  DownloadRunnable:45 - download_consumer_3没有待采集的任务，线程将等待2s
2019-01-31 20:26:37 INFO  DownloadRunnable:53 - download_consumer_1本次睡眠结束
2019-01-31 20:26:37 INFO  DownloadRunnable:45 - download_consumer_1没有待采集的任务，线程将等待2s
2019-01-31 20:26:38 INFO  DownloadRunnable:45 - download_consumer_4没有待采集的任务，线程将等待2s
2019-01-31 20:26:38 INFO  DownloadRunnable:53 - download_consumer_2本次睡眠结束
2019-01-31 20:26:38 INFO  DownloadRunnable:45 - download_consumer_2没有待采集的任务，线程将等待2s
2019-01-31 20:26:39 INFO  DownloadRunnable:53 - download_consumer_3本次睡眠结束
2019-01-31 20:26:39 INFO  DownloadRunnable:45 - download_consumer_3没有待采集的任务，线程将等待2s
2019-01-31 20:26:39 INFO  DownloadRunnable:53 - download_consumer_1本次睡眠结束
2019-01-31 20:26:39 INFO  DownloadRunnable:45 - download_consumer_1没有待采集的任务，线程将等待2s
2019-01-31 20:26:40 INFO  DownloadRunnable:53 - download_consumer_4本次睡眠结束
2019-01-31 20:26:40 INFO  DownloadRunnable:45 - download_consumer_4没有待采集的任务，线程将等待2s
2019-01-31 20:26:40 INFO  DownloadRunnable:53 - download_consumer_2本次睡眠结束
2019-01-31 20:26:40 INFO  DownloadRunnable:45 - download_consumer_2没有待采集的任务，线程将等待2s
2019-01-31 20:26:41 INFO  DownloadRunnable:45 - download_consumer_5没有待采集的任务，线程将等待2s
2019-01-31 20:26:41 INFO  DownloadRunnable:53 - download_consumer_3本次睡眠结束
2019-01-31 20:26:41 INFO  DownloadRunnable:45 - download_consumer_3没有待采集的任务，线程将等待2s
2019-01-31 20:26:41 INFO  DownloadRunnable:53 - download_consumer_1本次睡眠结束
2019-01-31 20:26:41 INFO  DownloadRunnable:45 - download_consumer_1没有待采集的任务，线程将等待2s
2019-01-31 20:26:42 INFO  DownloadRunnable:53 - download_consumer_4本次睡眠结束
2019-01-31 20:26:42 INFO  DownloadRunnable:45 - download_consumer_4没有待采集的任务，线程将等待2s
2019-01-31 20:26:42 INFO  DownloadRunnable:53 - download_consumer_2本次睡眠结束
2019-01-31 20:26:42 INFO  DownloadRunnable:45 - download_consumer_2没有待采集的任务，线程将等待2s
2019-01-31 20:26:43 INFO  DownloadRunnable:53 - download_consumer_5本次睡眠结束
2019-01-31 20:26:43 INFO  DownloadRunnable:45 - download_consumer_5没有待采集的任务，线程将等待2s
2019-01-31 20:26:43 INFO  DownloadRunnable:53 - download_consumer_3本次睡眠结束
2019-01-31 20:26:43 INFO  DownloadRunnable:45 - download_consumer_3没有待采集的任务，线程将等待2s
2019-01-31 20:26:43 INFO  DownloadRunnable:53 - download_consumer_1本次睡眠结束
2019-01-31 20:26:43 INFO  DownloadRunnable:45 - download_consumer_1没有待采集的任务，线程将等待2s
2019-01-31 20:26:44 INFO  DownloadRunnable:53 - download_consumer_4本次睡眠结束
2019-01-31 20:26:44 INFO  DownloadRunnable:45 - download_consumer_4没有待采集的任务，线程将等待2s
2019-01-31 20:26:44 INFO  DownloadRunnable:53 - download_consumer_2本次睡眠结束
2019-01-31 20:26:44 INFO  DownloadRunnable:45 - download_consumer_2没有待采集的任务，线程将等待2s
2019-01-31 20:26:45 INFO  DownloadRunnable:53 - download_consumer_5本次睡眠结束
2019-01-31 20:26:45 INFO  DownloadRunnable:45 - download_consumer_5没有待采集的任务，线程将等待2s
2019-01-31 20:26:45 INFO  DownloadRunnable:53 - download_consumer_3本次睡眠结束
2019-01-31 20:26:45 INFO  DownloadRunnable:45 - download_consumer_3没有待采集的任务，线程将等待2s
2019-01-31 20:26:45 INFO  DownloadRunnable:53 - download_consumer_1本次睡眠结束
2019-01-31 20:26:45 INFO  DownloadRunnable:45 - download_consumer_1没有待采集的任务，线程将等待2s
2019-01-31 20:26:46 INFO  DownloadRunnable:53 - download_consumer_4本次睡眠结束
2019-01-31 20:26:46 INFO  DownloadRunnable:45 - download_consumer_4没有待采集的任务，线程将等待2s
2019-01-31 20:26:46 INFO  DownloadRunnable:53 - download_consumer_2本次睡眠结束
2019-01-31 20:26:46 INFO  DownloadRunnable:45 - download_consumer_2没有待采集的任务，线程将等待2s
2019-01-31 20:26:47 INFO  DownloadRunnable:53 - download_consumer_5本次睡眠结束
2019-01-31 20:26:47 INFO  DownloadRunnable:45 - download_consumer_5没有待采集的任务，线程将等待2s
2019-01-31 20:26:47 INFO  DownloadRunnable:53 - download_consumer_3本次睡眠结束
2019-01-31 20:26:47 INFO  DownloadRunnable:45 - download_consumer_3没有待采集的任务，线程将等待2s
2019-01-31 20:26:47 INFO  DownloadRunnable:53 - download_consumer_1本次睡眠结束
2019-01-31 20:26:47 INFO  DownloadRunnable:45 - download_consumer_1没有待采集的任务，线程将等待2s
2019-01-31 20:26:48 INFO  DownloadRunnable:53 - download_consumer_4本次睡眠结束
2019-01-31 20:26:48 INFO  DownloadRunnable:45 - download_consumer_4没有待采集的任务，线程将等待2s
2019-01-31 20:26:48 INFO  DownloadRunnable:53 - download_consumer_2本次睡眠结束
2019-01-31 20:26:48 INFO  DownloadRunnable:45 - download_consumer_2没有待采集的任务，线程将等待2s
2019-01-31 20:29:34 INFO  DownloadRunnable:45 - download_consumer_5没有待采集的任务，线程将等待2s
2019-01-31 20:29:34 INFO  DownloadRunnable:45 - download_consumer_2没有待采集的任务，线程将等待2s
2019-01-31 20:29:34 INFO  DownloadRunnable:45 - download_consumer_3没有待采集的任务，线程将等待2s
2019-01-31 20:29:34 INFO  DownloadRunnable:45 - download_consumer_1没有待采集的任务，线程将等待2s
2019-01-31 20:29:34 INFO  DownloadRunnable:45 - download_consumer_4没有待采集的任务，线程将等待2s
2019-01-31 20:29:36 INFO  DownloadRunnable:53 - download_consumer_3本次睡眠结束
2019-01-31 20:29:36 INFO  DownloadRunnable:45 - download_consumer_3没有待采集的任务，线程将等待2s
2019-01-31 20:29:36 INFO  DownloadRunnable:53 - download_consumer_1本次睡眠结束
2019-01-31 20:29:36 INFO  DownloadRunnable:45 - download_consumer_1没有待采集的任务，线程将等待2s
2019-01-31 20:29:36 INFO  DownloadRunnable:53 - download_consumer_5本次睡眠结束
2019-01-31 20:29:36 INFO  DownloadRunnable:45 - download_consumer_5没有待采集的任务，线程将等待2s
2019-01-31 20:29:36 INFO  DownloadRunnable:53 - download_consumer_4本次睡眠结束
2019-01-31 20:29:36 INFO  DownloadRunnable:45 - download_consumer_4没有待采集的任务，线程将等待2s
2019-01-31 20:29:36 INFO  DownloadRunnable:53 - download_consumer_2本次睡眠结束
2019-01-31 20:29:36 INFO  DownloadRunnable:45 - download_consumer_2没有待采集的任务，线程将等待2s
2019-01-31 20:29:38 INFO  DownloadRunnable:53 - download_consumer_5本次睡眠结束
2019-01-31 20:29:38 INFO  DownloadRunnable:53 - download_consumer_4本次睡眠结束
2019-01-31 20:29:38 INFO  DownloadRunnable:45 - download_consumer_4没有待采集的任务，线程将等待2s
2019-01-31 20:29:38 INFO  DownloadRunnable:53 - download_consumer_2本次睡眠结束
2019-01-31 20:29:38 INFO  DownloadRunnable:45 - download_consumer_2没有待采集的任务，线程将等待2s
2019-01-31 20:29:38 INFO  DownloadRunnable:53 - download_consumer_1本次睡眠结束
2019-01-31 20:29:38 INFO  DownloadRunnable:53 - download_consumer_3本次睡眠结束
2019-01-31 20:29:38 INFO  DownloadRunnable:45 - download_consumer_1没有待采集的任务，线程将等待2s
2019-01-31 20:29:38 INFO  DownloadRunnable:45 - download_consumer_5没有待采集的任务，线程将等待2s
2019-01-31 20:29:38 INFO  DownloadRunnable:45 - download_consumer_3没有待采集的任务，线程将等待2s
2019-01-31 20:33:51 INFO  DownloadRunnable:45 - download_consumer_1没有待采集的任务，线程将等待2s
2019-01-31 20:33:51 INFO  DownloadRunnable:45 - download_consumer_3没有待采集的任务，线程将等待2s
2019-01-31 20:33:51 INFO  DownloadRunnable:45 - download_consumer_2没有待采集的任务，线程将等待2s
2019-01-31 20:33:53 INFO  DownloadRunnable:53 - download_consumer_2本次睡眠结束
2019-01-31 20:33:53 INFO  DownloadRunnable:53 - download_consumer_1本次睡眠结束
2019-01-31 20:33:53 INFO  DownloadRunnable:45 - download_consumer_1没有待采集的任务，线程将等待2s
2019-01-31 20:33:53 INFO  DownloadRunnable:53 - download_consumer_3本次睡眠结束
2019-01-31 20:33:53 INFO  DownloadRunnable:45 - download_consumer_2没有待采集的任务，线程将等待2s
2019-01-31 20:33:53 INFO  DownloadRunnable:45 - download_consumer_3没有待采集的任务，线程将等待2s
2019-01-31 20:33:55 INFO  DownloadRunnable:53 - download_consumer_2本次睡眠结束
2019-01-31 20:33:55 INFO  DownloadRunnable:53 - download_consumer_3本次睡眠结束
2019-01-31 20:33:55 INFO  DownloadRunnable:53 - download_consumer_1本次睡眠结束
2019-01-31 20:33:55 INFO  DownloadRunnable:45 - download_consumer_1没有待采集的任务，线程将等待2s
2019-01-31 20:33:55 INFO  DownloadRunnable:45 - download_consumer_3没有待采集的任务，线程将等待2s
2019-01-31 20:33:55 INFO  DownloadRunnable:45 - download_consumer_2没有待采集的任务，线程将等待2s
2019-01-31 20:33:57 INFO  DownloadRunnable:53 - download_consumer_1本次睡眠结束
2019-01-31 20:33:57 INFO  DownloadRunnable:45 - download_consumer_1没有待采集的任务，线程将等待2s
2019-01-31 20:33:57 INFO  DownloadRunnable:53 - download_consumer_2本次睡眠结束
2019-01-31 20:33:57 INFO  DownloadRunnable:53 - download_consumer_3本次睡眠结束
2019-01-31 20:33:57 INFO  DownloadRunnable:45 - download_consumer_3没有待采集的任务，线程将等待2s
2019-01-31 20:33:57 INFO  DownloadRunnable:45 - download_consumer_2没有待采集的任务，线程将等待2s
2019-01-31 20:33:59 INFO  DownloadRunnable:53 - download_consumer_1本次睡眠结束
2019-01-31 20:33:59 INFO  DownloadRunnable:53 - download_consumer_2本次睡眠结束
2019-01-31 20:33:59 INFO  DownloadRunnable:45 - download_consumer_1没有待采集的任务，线程将等待2s
2019-01-31 20:33:59 INFO  DownloadRunnable:53 - download_consumer_3本次睡眠结束
2019-01-31 20:33:59 INFO  DownloadRunnable:45 - download_consumer_3没有待采集的任务，线程将等待2s
2019-01-31 20:33:59 INFO  DownloadRunnable:45 - download_consumer_2没有待采集的任务，线程将等待2s
2019-01-31 20:35:31 INFO  DownloadRunnable:45 - download_consumer_1没有待采集的任务，线程将等待2s
2019-01-31 20:35:31 INFO  DownloadRunnable:45 - download_consumer_2没有待采集的任务，线程将等待2s
2019-01-31 20:35:31 INFO  DownloadRunnable:45 - download_consumer_3没有待采集的任务，线程将等待2s
2019-01-31 20:35:33 INFO  DownloadRunnable:53 - download_consumer_1本次睡眠结束
2019-01-31 20:35:33 INFO  DownloadRunnable:45 - download_consumer_1没有待采集的任务，线程将等待2s
2019-01-31 20:35:33 INFO  DownloadRunnable:53 - download_consumer_3本次睡眠结束
2019-01-31 20:35:33 INFO  DownloadRunnable:45 - download_consumer_3没有待采集的任务，线程将等待2s
2019-01-31 20:35:33 INFO  DownloadRunnable:53 - download_consumer_2本次睡眠结束
2019-01-31 20:35:33 INFO  DownloadRunnable:45 - download_consumer_2没有待采集的任务，线程将等待2s
2019-01-31 20:35:35 INFO  DownloadRunnable:53 - download_consumer_1本次睡眠结束
2019-01-31 20:35:35 INFO  DownloadRunnable:45 - download_consumer_1没有待采集的任务，线程将等待2s
2019-01-31 20:35:35 INFO  DownloadRunnable:53 - download_consumer_3本次睡眠结束
2019-01-31 20:35:35 INFO  DownloadRunnable:45 - download_consumer_3没有待采集的任务，线程将等待2s
2019-01-31 20:35:35 INFO  DownloadRunnable:53 - download_consumer_2本次睡眠结束
2019-01-31 20:35:35 INFO  DownloadRunnable:45 - download_consumer_2没有待采集的任务，线程将等待2s
2019-01-31 20:36:46 INFO  DownloadRunnable:45 - download_consumer_2没有待采集的任务，线程将等待2s
2019-01-31 20:36:46 INFO  DownloadRunnable:45 - download_consumer_3没有待采集的任务，线程将等待2s
2019-01-31 20:36:46 INFO  DownloadRunnable:45 - download_consumer_1没有待采集的任务，线程将等待2s
2019-01-31 20:36:48 INFO  DownloadRunnable:53 - download_consumer_1本次睡眠结束
2019-01-31 20:36:48 INFO  DownloadRunnable:53 - download_consumer_2本次睡眠结束
2019-01-31 20:36:48 INFO  DownloadRunnable:45 - download_consumer_2没有待采集的任务，线程将等待2s
2019-01-31 20:36:48 INFO  DownloadRunnable:53 - download_consumer_3本次睡眠结束
2019-01-31 20:36:48 INFO  DownloadRunnable:45 - download_consumer_3没有待采集的任务，线程将等待2s
2019-01-31 20:36:48 INFO  DownloadRunnable:45 - download_consumer_1没有待采集的任务，线程将等待2s
2019-01-31 20:45:36 INFO  DownloadRunnable:45 - download_consumer_1没有待采集的任务，线程将等待2s
2019-01-31 20:45:36 INFO  DownloadRunnable:45 - download_consumer_3没有待采集的任务，线程将等待2s
2019-01-31 20:45:36 INFO  DownloadRunnable:45 - download_consumer_2没有待采集的任务，线程将等待2s
2019-01-31 20:45:38 INFO  DownloadRunnable:53 - download_consumer_1本次睡眠结束
2019-01-31 20:45:38 INFO  DownloadRunnable:45 - download_consumer_1没有待采集的任务，线程将等待2s
2019-01-31 20:45:38 INFO  DownloadRunnable:53 - download_consumer_2本次睡眠结束
2019-01-31 20:45:38 INFO  DownloadRunnable:45 - download_consumer_2没有待采集的任务，线程将等待2s
2019-01-31 20:45:38 INFO  DownloadRunnable:53 - download_consumer_3本次睡眠结束
2019-01-31 20:45:38 INFO  DownloadRunnable:45 - download_consumer_3没有待采集的任务，线程将等待2s
2019-01-31 20:45:40 INFO  DownloadRunnable:53 - download_consumer_1本次睡眠结束
2019-01-31 20:45:40 INFO  DownloadRunnable:45 - download_consumer_1没有待采集的任务，线程将等待2s
2019-01-31 20:45:40 INFO  DownloadRunnable:53 - download_consumer_3本次睡眠结束
2019-01-31 20:45:40 INFO  DownloadRunnable:45 - download_consumer_3没有待采集的任务，线程将等待2s
2019-01-31 20:45:40 INFO  DownloadRunnable:53 - download_consumer_2本次睡眠结束
2019-01-31 20:45:40 INFO  DownloadRunnable:45 - download_consumer_2没有待采集的任务，线程将等待2s
2019-01-31 20:45:42 INFO  DownloadRunnable:53 - download_consumer_1本次睡眠结束
2019-01-31 20:45:42 INFO  DownloadRunnable:45 - download_consumer_1没有待采集的任务，线程将等待2s
2019-01-31 20:45:42 INFO  DownloadRunnable:53 - download_consumer_2本次睡眠结束
2019-01-31 20:45:42 INFO  DownloadRunnable:53 - download_consumer_3本次睡眠结束
2019-01-31 20:45:42 INFO  DownloadRunnable:45 - download_consumer_2没有待采集的任务，线程将等待2s
2019-01-31 20:45:42 INFO  DownloadRunnable:45 - download_consumer_3没有待采集的任务，线程将等待2s
2019-01-31 20:45:44 INFO  DownloadRunnable:53 - download_consumer_1本次睡眠结束
2019-01-31 20:45:44 INFO  DownloadRunnable:45 - download_consumer_1没有待采集的任务，线程将等待2s
2019-01-31 20:45:44 INFO  DownloadRunnable:53 - download_consumer_3本次睡眠结束
2019-01-31 20:45:44 INFO  DownloadRunnable:45 - download_consumer_3没有待采集的任务，线程将等待2s
2019-01-31 20:45:44 INFO  DownloadRunnable:53 - download_consumer_2本次睡眠结束
2019-01-31 20:45:44 INFO  DownloadRunnable:45 - download_consumer_2没有待采集的任务，线程将等待2s
2019-01-31 20:45:46 INFO  DownloadRunnable:53 - download_consumer_1本次睡眠结束
2019-01-31 20:45:46 INFO  DownloadRunnable:45 - download_consumer_1没有待采集的任务，线程将等待2s
2019-01-31 20:45:46 INFO  DownloadRunnable:53 - download_consumer_3本次睡眠结束
2019-01-31 20:45:46 INFO  DownloadRunnable:45 - download_consumer_3没有待采集的任务，线程将等待2s
2019-01-31 20:45:46 INFO  DownloadRunnable:53 - download_consumer_2本次睡眠结束
2019-01-31 20:45:46 INFO  DownloadRunnable:45 - download_consumer_2没有待采集的任务，线程将等待2s
2019-01-31 20:45:48 INFO  DownloadRunnable:53 - download_consumer_1本次睡眠结束
2019-01-31 20:45:48 INFO  DownloadRunnable:45 - download_consumer_1没有待采集的任务，线程将等待2s
2019-01-31 20:45:48 INFO  DownloadRunnable:53 - download_consumer_3本次睡眠结束
2019-01-31 20:45:48 INFO  DownloadRunnable:45 - download_consumer_3没有待采集的任务，线程将等待2s
2019-01-31 20:45:48 INFO  DownloadRunnable:53 - download_consumer_2本次睡眠结束
2019-01-31 20:45:48 INFO  DownloadRunnable:45 - download_consumer_2没有待采集的任务，线程将等待2s
2019-01-31 20:45:50 INFO  DownloadRunnable:53 - download_consumer_1本次睡眠结束
2019-01-31 20:45:50 INFO  DownloadRunnable:45 - download_consumer_1没有待采集的任务，线程将等待2s
2019-01-31 20:45:50 INFO  DownloadRunnable:53 - download_consumer_3本次睡眠结束
2019-01-31 20:45:50 INFO  DownloadRunnable:45 - download_consumer_3没有待采集的任务，线程将等待2s
2019-01-31 20:45:50 INFO  DownloadRunnable:53 - download_consumer_2本次睡眠结束
2019-01-31 20:45:50 INFO  DownloadRunnable:45 - download_consumer_2没有待采集的任务，线程将等待2s
2019-01-31 20:45:52 INFO  DownloadRunnable:53 - download_consumer_1本次睡眠结束
2019-01-31 20:45:52 INFO  DownloadRunnable:45 - download_consumer_1没有待采集的任务，线程将等待2s
2019-01-31 20:45:52 INFO  DownloadRunnable:53 - download_consumer_2本次睡眠结束
2019-01-31 20:45:52 INFO  DownloadRunnable:45 - download_consumer_2没有待采集的任务，线程将等待2s
2019-01-31 20:45:52 INFO  DownloadRunnable:53 - download_consumer_3本次睡眠结束
2019-01-31 20:45:52 INFO  DownloadRunnable:45 - download_consumer_3没有待采集的任务，线程将等待2s
2019-01-31 20:52:58 INFO  DownloadRunnable:45 - download_consumer_1没有待采集的任务，线程将等待2s
2019-01-31 20:52:58 INFO  DownloadRunnable:45 - download_consumer_2没有待采集的任务，线程将等待2s
2019-01-31 20:52:58 INFO  DownloadRunnable:45 - download_consumer_3没有待采集的任务，线程将等待2s
2019-01-31 20:53:00 INFO  DownloadRunnable:53 - download_consumer_1本次睡眠结束
2019-01-31 20:53:00 INFO  DownloadRunnable:57 - 线程run方法即将结束
2019-01-31 20:53:00 INFO  DownloadRunnable:53 - download_consumer_2本次睡眠结束
2019-01-31 20:53:00 INFO  DownloadRunnable:57 - 线程run方法即将结束
2019-01-31 20:53:00 INFO  DownloadRunnable:53 - download_consumer_3本次睡眠结束
2019-01-31 20:53:00 INFO  DownloadRunnable:57 - 线程run方法即将结束
2019-01-31 20:53:11 INFO  DownloadRunnable:57 - 线程run方法即将结束
2019-01-31 20:53:11 INFO  DownloadRunnable:45 - download_consumer_3没有待采集的任务，线程将等待2s
2019-01-31 20:53:11 INFO  DownloadRunnable:45 - download_consumer_2没有待采集的任务，线程将等待2s
2019-01-31 20:53:13 INFO  DownloadRunnable:53 - download_consumer_2本次睡眠结束
2019-01-31 20:53:13 INFO  DownloadRunnable:57 - 线程run方法即将结束
2019-01-31 20:53:13 INFO  DownloadRunnable:53 - download_consumer_3本次睡眠结束
2019-01-31 20:53:13 INFO  DownloadRunnable:57 - 线程run方法即将结束
2019-01-31 20:53:37 INFO  DownloadRunnable:45 - download_consumer_1没有待采集的任务，线程将等待2s
2019-01-31 20:53:37 INFO  DownloadRunnable:45 - download_consumer_2没有待采集的任务，线程将等待2s
2019-01-31 20:53:37 INFO  DownloadRunnable:45 - download_consumer_3没有待采集的任务，线程将等待2s
2019-01-31 20:53:39 INFO  DownloadRunnable:53 - download_consumer_1本次睡眠结束
2019-01-31 20:53:39 INFO  DownloadRunnable:57 - download_consumer_1线程run方法即将结束
2019-01-31 20:53:39 INFO  DownloadRunnable:53 - download_consumer_3本次睡眠结束
2019-01-31 20:53:39 INFO  DownloadRunnable:57 - download_consumer_3线程run方法即将结束
2019-01-31 20:53:39 INFO  DownloadRunnable:53 - download_consumer_2本次睡眠结束
2019-01-31 20:53:39 INFO  DownloadRunnable:57 - download_consumer_2线程run方法即将结束
2019-01-31 20:57:33 INFO  DownloadRunnable:45 - download_consumer_3没有待采集的任务，线程将等待2s
2019-01-31 20:57:33 INFO  DownloadRunnable:45 - download_consumer_1没有待采集的任务，线程将等待2s
2019-01-31 20:57:33 INFO  DownloadRunnable:45 - download_consumer_2没有待采集的任务，线程将等待2s
2019-01-31 20:57:35 INFO  DownloadRunnable:53 - download_consumer_2本次睡眠结束
2019-01-31 20:57:35 INFO  DownloadRunnable:53 - download_consumer_3本次睡眠结束
2019-01-31 20:57:35 INFO  DownloadRunnable:57 - download_consumer_3线程run方法即将结束
2019-01-31 20:57:35 INFO  DownloadRunnable:53 - download_consumer_1本次睡眠结束
2019-01-31 20:57:35 INFO  DownloadRunnable:57 - download_consumer_1线程run方法即将结束
2019-01-31 20:57:35 INFO  DownloadRunnable:57 - download_consumer_2线程run方法即将结束
2019-02-01 13:30:58 INFO  DownloadRunnable:45 - download_consumer_2没有待采集的任务，线程将等待2s
2019-02-01 13:30:58 INFO  DownloadRunnable:45 - download_consumer_3没有待采集的任务，线程将等待2s
2019-02-01 13:30:58 INFO  DownloadRunnable:45 - download_consumer_3没有待采集的任务，线程将等待2s
2019-02-01 13:30:58 INFO  DownloadRunnable:45 - download_consumer_2没有待采集的任务，线程将等待2s
2019-02-01 13:30:58 INFO  DownloadRunnable:45 - download_consumer_1没有待采集的任务，线程将等待2s
2019-02-01 13:30:58 INFO  DownloadRunnable:45 - download_consumer_1没有待采集的任务，线程将等待2s
2019-02-01 13:31:00 INFO  DownloadRunnable:53 - download_consumer_2本次睡眠结束
2019-02-01 13:31:00 INFO  DownloadRunnable:45 - download_consumer_2没有待采集的任务，线程将等待2s
2019-02-01 13:31:00 INFO  DownloadRunnable:53 - download_consumer_3本次睡眠结束
2019-02-01 13:31:00 INFO  DownloadRunnable:53 - download_consumer_1本次睡眠结束
2019-02-01 13:31:00 INFO  DownloadRunnable:53 - download_consumer_2本次睡眠结束
2019-02-01 13:31:00 INFO  DownloadRunnable:53 - download_consumer_3本次睡眠结束
2019-02-01 13:31:00 INFO  DownloadRunnable:45 - download_consumer_2没有待采集的任务，线程将等待2s
2019-02-01 13:31:00 INFO  DownloadRunnable:45 - download_consumer_1没有待采集的任务，线程将等待2s
2019-02-01 13:31:00 INFO  DownloadRunnable:45 - download_consumer_3没有待采集的任务，线程将等待2s
2019-02-01 13:31:00 INFO  DownloadRunnable:53 - download_consumer_1本次睡眠结束
2019-02-01 13:31:00 INFO  DownloadRunnable:45 - download_consumer_3没有待采集的任务，线程将等待2s
2019-02-01 13:31:00 INFO  DownloadRunnable:45 - download_consumer_1没有待采集的任务，线程将等待2s
2019-02-01 13:31:02 INFO  DownloadRunnable:53 - download_consumer_2本次睡眠结束
2019-02-01 13:31:02 INFO  DownloadRunnable:45 - download_consumer_2没有待采集的任务，线程将等待2s
2019-02-01 13:31:02 INFO  DownloadRunnable:53 - download_consumer_2本次睡眠结束
2019-02-01 13:31:02 INFO  DownloadRunnable:53 - download_consumer_3本次睡眠结束
2019-02-01 13:31:02 INFO  DownloadRunnable:45 - download_consumer_3没有待采集的任务，线程将等待2s
2019-02-01 13:31:02 INFO  DownloadRunnable:45 - download_consumer_2没有待采集的任务，线程将等待2s
2019-02-01 13:31:02 INFO  DownloadRunnable:53 - download_consumer_1本次睡眠结束
2019-02-01 13:31:02 INFO  DownloadRunnable:45 - download_consumer_1没有待采集的任务，线程将等待2s
2019-02-01 13:31:02 INFO  DownloadRunnable:53 - download_consumer_3本次睡眠结束
2019-02-01 13:31:02 INFO  DownloadRunnable:45 - download_consumer_3没有待采集的任务，线程将等待2s
2019-02-01 13:31:02 INFO  DownloadRunnable:53 - download_consumer_1本次睡眠结束
2019-02-01 13:31:02 INFO  DownloadRunnable:45 - download_consumer_1没有待采集的任务，线程将等待2s
2019-02-01 13:31:04 INFO  DownloadRunnable:53 - download_consumer_2本次睡眠结束
2019-02-01 13:31:04 INFO  DownloadRunnable:45 - download_consumer_2没有待采集的任务，线程将等待2s
2019-02-01 13:31:04 INFO  DownloadRunnable:53 - download_consumer_3本次睡眠结束
2019-02-01 13:31:04 INFO  DownloadRunnable:45 - download_consumer_3没有待采集的任务，线程将等待2s
2019-02-01 13:31:04 INFO  DownloadRunnable:53 - download_consumer_2本次睡眠结束
2019-02-01 13:31:04 INFO  DownloadRunnable:45 - download_consumer_2没有待采集的任务，线程将等待2s
2019-02-01 13:31:04 INFO  DownloadRunnable:53 - download_consumer_1本次睡眠结束
2019-02-01 13:31:04 INFO  DownloadRunnable:45 - download_consumer_1没有待采集的任务，线程将等待2s
2019-02-01 13:31:04 INFO  DownloadRunnable:53 - download_consumer_3本次睡眠结束
2019-02-01 13:31:04 INFO  DownloadRunnable:45 - download_consumer_3没有待采集的任务，线程将等待2s
2019-02-01 13:31:04 INFO  DownloadRunnable:53 - download_consumer_1本次睡眠结束
2019-02-01 13:31:04 INFO  DownloadRunnable:45 - download_consumer_1没有待采集的任务，线程将等待2s
2019-02-02 10:56:38 INFO  DownloadRunnable:45 - download_consumer_1没有待采集的任务，线程将等待2s
2019-02-02 10:56:38 INFO  DownloadRunnable:45 - download_consumer_1没有待采集的任务，线程将等待2s
2019-02-02 10:56:38 INFO  DownloadRunnable:45 - download_consumer_2没有待采集的任务，线程将等待2s
2019-02-02 10:56:38 INFO  DownloadRunnable:45 - download_consumer_2没有待采集的任务，线程将等待2s
2019-02-02 10:56:40 INFO  DownloadRunnable:53 - download_consumer_1本次睡眠结束
2019-02-02 10:56:40 INFO  DownloadRunnable:53 - download_consumer_2本次睡眠结束
2019-02-02 10:56:40 INFO  DownloadRunnable:45 - download_consumer_2没有待采集的任务，线程将等待2s
2019-02-02 10:56:40 INFO  DownloadRunnable:45 - download_consumer_1没有待采集的任务，线程将等待2s
2019-02-02 10:56:40 INFO  DownloadRunnable:53 - download_consumer_2本次睡眠结束
2019-02-02 10:56:40 INFO  DownloadRunnable:53 - download_consumer_1本次睡眠结束
2019-02-02 10:56:40 INFO  DownloadRunnable:45 - download_consumer_1没有待采集的任务，线程将等待2s
2019-02-02 10:56:40 INFO  DownloadRunnable:45 - download_consumer_2没有待采集的任务，线程将等待2s
2019-02-02 10:58:21 INFO  DownloadRunnable:35 - runnable_1进入解析环节
2019-02-02 10:58:21 INFO  DownloadRunnable:46 - runnable_1没有待采集的任务，线程将等待10s
2019-02-02 10:58:31 INFO  DownloadRunnable:54 - runnable_1本次睡眠结束
2019-02-02 10:58:31 INFO  DownloadRunnable:46 - runnable_1没有待采集的任务，线程将等待10s
2019-02-02 10:58:41 INFO  DownloadRunnable:54 - runnable_1本次睡眠结束
2019-02-02 10:58:41 INFO  DownloadRunnable:46 - runnable_1没有待采集的任务，线程将等待10s
2019-02-02 10:58:49 INFO  DownloadRunnable:46 - download_consumer_2没有待采集的任务，线程将等待5s
2019-02-02 10:58:49 INFO  DownloadRunnable:46 - download_consumer_2没有待采集的任务，线程将等待5s
2019-02-02 10:58:49 INFO  DownloadRunnable:46 - download_consumer_1没有待采集的任务，线程将等待5s
2019-02-02 10:58:49 INFO  DownloadRunnable:46 - download_consumer_1没有待采集的任务，线程将等待5s
2019-02-02 10:58:54 INFO  DownloadRunnable:54 - download_consumer_1本次睡眠结束
2019-02-02 10:58:54 INFO  DownloadRunnable:54 - download_consumer_1本次睡眠结束
2019-02-02 10:58:54 INFO  DownloadRunnable:46 - download_consumer_1没有待采集的任务，线程将等待5s
2019-02-02 10:58:54 INFO  DownloadRunnable:54 - download_consumer_2本次睡眠结束
2019-02-02 10:58:54 INFO  DownloadRunnable:46 - download_consumer_2没有待采集的任务，线程将等待5s
2019-02-02 10:58:54 INFO  DownloadRunnable:54 - download_consumer_2本次睡眠结束
2019-02-02 10:58:54 INFO  DownloadRunnable:46 - download_consumer_2没有待采集的任务，线程将等待5s
2019-02-02 10:58:54 INFO  DownloadRunnable:46 - download_consumer_1没有待采集的任务，线程将等待5s
2019-02-02 10:58:59 INFO  DownloadRunnable:54 - download_consumer_1本次睡眠结束
2019-02-02 10:58:59 INFO  DownloadRunnable:46 - download_consumer_1没有待采集的任务，线程将等待5s
2019-02-02 10:58:59 INFO  DownloadRunnable:54 - download_consumer_2本次睡眠结束
2019-02-02 10:58:59 INFO  DownloadRunnable:46 - download_consumer_2没有待采集的任务，线程将等待5s
2019-02-02 10:58:59 INFO  DownloadRunnable:54 - download_consumer_1本次睡眠结束
2019-02-02 10:58:59 INFO  DownloadRunnable:46 - download_consumer_1没有待采集的任务，线程将等待5s
2019-02-02 10:58:59 INFO  DownloadRunnable:54 - download_consumer_2本次睡眠结束
2019-02-02 10:58:59 INFO  DownloadRunnable:46 - download_consumer_2没有待采集的任务，线程将等待5s
2019-02-02 10:59:04 INFO  DownloadRunnable:54 - download_consumer_1本次睡眠结束
2019-02-02 10:59:04 INFO  DownloadRunnable:46 - download_consumer_1没有待采集的任务，线程将等待5s
2019-02-02 10:59:04 INFO  DownloadRunnable:54 - download_consumer_2本次睡眠结束
2019-02-02 10:59:04 INFO  DownloadRunnable:46 - download_consumer_2没有待采集的任务，线程将等待5s
2019-02-02 10:59:04 INFO  DownloadRunnable:54 - download_consumer_1本次睡眠结束
2019-02-02 10:59:04 INFO  DownloadRunnable:46 - download_consumer_1没有待采集的任务，线程将等待5s
2019-02-02 10:59:04 INFO  DownloadRunnable:54 - download_consumer_2本次睡眠结束
2019-02-02 10:59:04 INFO  DownloadRunnable:46 - download_consumer_2没有待采集的任务，线程将等待5s
2019-02-02 10:59:09 INFO  DownloadRunnable:54 - download_consumer_1本次睡眠结束
2019-02-02 10:59:09 INFO  DownloadRunnable:46 - download_consumer_1没有待采集的任务，线程将等待5s
2019-02-02 10:59:09 INFO  DownloadRunnable:54 - download_consumer_2本次睡眠结束
2019-02-02 10:59:09 INFO  DownloadRunnable:46 - download_consumer_2没有待采集的任务，线程将等待5s
2019-02-02 10:59:09 INFO  DownloadRunnable:54 - download_consumer_1本次睡眠结束
2019-02-02 10:59:09 INFO  DownloadRunnable:46 - download_consumer_1没有待采集的任务，线程将等待5s
2019-02-02 10:59:09 INFO  DownloadRunnable:54 - download_consumer_2本次睡眠结束
2019-02-02 10:59:09 INFO  DownloadRunnable:46 - download_consumer_2没有待采集的任务，线程将等待5s
2019-02-02 10:59:14 INFO  DownloadRunnable:54 - download_consumer_1本次睡眠结束
2019-02-02 10:59:14 INFO  DownloadRunnable:46 - download_consumer_1没有待采集的任务，线程将等待5s
2019-02-02 10:59:14 INFO  DownloadRunnable:54 - download_consumer_2本次睡眠结束
2019-02-02 10:59:14 INFO  DownloadRunnable:46 - download_consumer_2没有待采集的任务，线程将等待5s
2019-02-02 10:59:14 INFO  DownloadRunnable:54 - download_consumer_1本次睡眠结束
2019-02-02 10:59:14 INFO  DownloadRunnable:46 - download_consumer_1没有待采集的任务，线程将等待5s
2019-02-02 10:59:14 INFO  DownloadRunnable:54 - download_consumer_2本次睡眠结束
2019-02-02 10:59:14 INFO  DownloadRunnable:46 - download_consumer_2没有待采集的任务，线程将等待5s
2019-02-02 10:59:19 INFO  DownloadRunnable:54 - download_consumer_1本次睡眠结束
2019-02-02 10:59:19 INFO  DownloadRunnable:46 - download_consumer_1没有待采集的任务，线程将等待5s
2019-02-02 10:59:19 INFO  DownloadRunnable:54 - download_consumer_2本次睡眠结束
2019-02-02 10:59:19 INFO  DownloadRunnable:46 - download_consumer_2没有待采集的任务，线程将等待5s
2019-02-02 10:59:19 INFO  DownloadRunnable:54 - download_consumer_1本次睡眠结束
2019-02-02 10:59:19 INFO  DownloadRunnable:46 - download_consumer_1没有待采集的任务，线程将等待5s
2019-02-02 10:59:19 INFO  DownloadRunnable:54 - download_consumer_2本次睡眠结束
2019-02-02 10:59:19 INFO  DownloadRunnable:46 - download_consumer_2没有待采集的任务，线程将等待5s
2019-02-02 10:59:24 INFO  DownloadRunnable:54 - download_consumer_1本次睡眠结束
2019-02-02 10:59:24 INFO  DownloadRunnable:46 - download_consumer_1没有待采集的任务，线程将等待5s
2019-02-02 10:59:24 INFO  DownloadRunnable:54 - download_consumer_2本次睡眠结束
2019-02-02 10:59:24 INFO  DownloadRunnable:46 - download_consumer_2没有待采集的任务，线程将等待5s
2019-02-02 10:59:24 INFO  DownloadRunnable:54 - download_consumer_1本次睡眠结束
2019-02-02 10:59:24 INFO  DownloadRunnable:46 - download_consumer_1没有待采集的任务，线程将等待5s
2019-02-02 10:59:24 INFO  DownloadRunnable:54 - download_consumer_2本次睡眠结束
2019-02-02 10:59:24 INFO  DownloadRunnable:46 - download_consumer_2没有待采集的任务，线程将等待5s
2019-02-02 10:59:29 INFO  DownloadRunnable:54 - download_consumer_1本次睡眠结束
2019-02-02 10:59:29 INFO  DownloadRunnable:46 - download_consumer_1没有待采集的任务，线程将等待5s
2019-02-02 10:59:29 INFO  DownloadRunnable:54 - download_consumer_2本次睡眠结束
2019-02-02 10:59:29 INFO  DownloadRunnable:46 - download_consumer_2没有待采集的任务，线程将等待5s
2019-02-02 10:59:29 INFO  DownloadRunnable:54 - download_consumer_1本次睡眠结束
2019-02-02 10:59:29 INFO  DownloadRunnable:46 - download_consumer_1没有待采集的任务，线程将等待5s
2019-02-02 10:59:29 INFO  DownloadRunnable:54 - download_consumer_2本次睡眠结束
2019-02-02 10:59:29 INFO  DownloadRunnable:46 - download_consumer_2没有待采集的任务，线程将等待5s
2019-02-02 10:59:34 INFO  DownloadRunnable:54 - download_consumer_1本次睡眠结束
2019-02-02 10:59:34 INFO  DownloadRunnable:46 - download_consumer_1没有待采集的任务，线程将等待5s
2019-02-02 10:59:34 INFO  DownloadRunnable:54 - download_consumer_2本次睡眠结束
2019-02-02 10:59:34 INFO  DownloadRunnable:46 - download_consumer_2没有待采集的任务，线程将等待5s
2019-02-02 10:59:34 INFO  DownloadRunnable:54 - download_consumer_1本次睡眠结束
2019-02-02 10:59:34 INFO  DownloadRunnable:46 - download_consumer_1没有待采集的任务，线程将等待5s
2019-02-02 10:59:34 INFO  DownloadRunnable:54 - download_consumer_2本次睡眠结束
2019-02-02 10:59:34 INFO  DownloadRunnable:46 - download_consumer_2没有待采集的任务，线程将等待5s
2019-02-02 10:59:39 INFO  DownloadRunnable:54 - download_consumer_1本次睡眠结束
2019-02-02 10:59:39 INFO  DownloadRunnable:46 - download_consumer_1没有待采集的任务，线程将等待5s
2019-02-02 10:59:39 INFO  DownloadRunnable:54 - download_consumer_2本次睡眠结束
2019-02-02 10:59:39 INFO  DownloadRunnable:46 - download_consumer_2没有待采集的任务，线程将等待5s
2019-02-02 10:59:39 INFO  DownloadRunnable:54 - download_consumer_1本次睡眠结束
2019-02-02 10:59:39 INFO  DownloadRunnable:46 - download_consumer_1没有待采集的任务，线程将等待5s
2019-02-02 10:59:39 INFO  DownloadRunnable:54 - download_consumer_2本次睡眠结束
2019-02-02 10:59:39 INFO  DownloadRunnable:46 - download_consumer_2没有待采集的任务，线程将等待5s
2019-02-02 11:01:05 INFO  DownloadRunnable:46 - download_consumer_1没有待采集的任务，线程将等待5s
2019-02-02 11:01:05 INFO  DownloadRunnable:46 - download_consumer_2没有待采集的任务，线程将等待5s
2019-02-02 11:01:05 INFO  DownloadRunnable:46 - download_consumer_2没有待采集的任务，线程将等待5s
2019-02-02 11:01:05 INFO  DownloadRunnable:46 - download_consumer_1没有待采集的任务，线程将等待5s
2019-02-02 11:01:10 INFO  DownloadRunnable:54 - download_consumer_2本次睡眠结束
2019-02-02 11:01:10 INFO  DownloadRunnable:46 - download_consumer_2没有待采集的任务，线程将等待5s
2019-02-02 11:01:10 INFO  DownloadRunnable:54 - download_consumer_1本次睡眠结束
2019-02-02 11:01:10 INFO  DownloadRunnable:54 - download_consumer_2本次睡眠结束
2019-02-02 11:01:10 INFO  DownloadRunnable:46 - download_consumer_2没有待采集的任务，线程将等待5s
2019-02-02 11:01:10 INFO  DownloadRunnable:54 - download_consumer_1本次睡眠结束
2019-02-02 11:01:10 INFO  DownloadRunnable:46 - download_consumer_1没有待采集的任务，线程将等待5s
2019-02-02 11:01:10 INFO  DownloadRunnable:46 - download_consumer_1没有待采集的任务，线程将等待5s
